  _______________________________________________________________
 /                                                               \
||  Course: CSCI-466    Assignment #: 6    Semester: Spring 2018 ||
||                                                               ||
||  NAME:  Aaron Fosco    Z-ID: z1835687     Section: 1          ||
||                                                               ||
||  TA's Name: Ishaan Mohammed                                   ||
||                                                               ||
||  Due: Wednesday 3/21/2018 by 11:59PM                          ||
||                                                               ||
||  Description:                                                 ||
||                                                               ||
||    This is the output file for assignment6. This correlates   ||
||    to the script file "assignment6.sql".                      ||
 \_______________________________________________________________/


+----------+-----------------+--------------+-------------+
| LastName | FirstName       | BoatName     | BoatType    |
+----------+-----------------+--------------+-------------+
| Adney    | Bruce and Doris | Anderson II  | Sprite 4000 |
| Adney    | Bruce and Doris | Bravo        | Dolphin 25  |
| Anderson | Bill            | Our Toy      | Ray 4025    |
| Blake    | Mary Jane       | Krispy       | Ray 4025    |
| Blake    | Mary Jane       | Escape       | Sprite 4000 |
| Elend    | Mary and Bill   | Anderson III | Sprite 3000 |
| Feenstra | Daniel          | Gypsy        | Dolphin 28  |
| Feenstra | Daniel          | Axxon II     | Dolphin 40  |
| Juarez   | Maria           | Axxon IV     | Dolphin 40  |
| Kelly    | Alyssa          | Chinook      | Dolphin 22  |
| Smeltz   | Becky and Dave  | Karvel       | Ray 4025    |
| Smith    | Peter           | Mermaid      | Dolphin 28  |
| Trent    | Ashton          | Listy        | Dolphin 25  |
+----------+-----------------+--------------+-------------+
13 rows in set (0.00 sec)

+----------+-----------------+------------+
| LastName | FirstName       | NumOfBoats |
+----------+-----------------+------------+
| Adney    | Bruce and Doris |          2 |
| Blake    | Mary Jane       |          2 |
| Feenstra | Daniel          |          2 |
+----------+-----------------+------------+
3 rows in set (0.00 sec)

+---------------------------------------------------------------------------------------------------------+----------+
| Description                                                                                             | LastName |
+---------------------------------------------------------------------------------------------------------+----------+
| Air conditioner periodically stops with code indicating low coolant level. Diagnose and repair.         | Adney    |
| Engine overheating. Loss of coolant. Diagnose and repair.                                               | Adney    |
| Heat exchanger not operating correctly.                                                                 | Adney    |
| Engine oil level has been dropping drastically. Diagnose and repair.                                    | Adney    |
| Install new GPS and chart plotter.                                                                      | Anderson |
| Air conditioning unit shuts down with HHH showing on the control panel.                                 | Anderson |
| Canvas leaks around zippers in heavy rain. Install overlap around zippers to prevent leaks.             | Blake    |
| Fuse on port motor blown on two occasions. Diagnose and repair.                                         | Elend    |
| Both speed and depth readings on data unit are significantly less than the owner thinks they should be. | Feenstra |
| Oil change and general routine maintenance (check fluid levels, clean sea strainers etc.).              | Feenstra |
| Air conditioning unit shuts down with HHH showing on the control panel.                                 | Juarez   |
| Canvas severely damaged in windstorm. Order and install new canvas.                                     | Kelly    |
| Owner accident caused damage to forward portion of port side.                                           | Kelly    |
| Canvas leaks around zippers in heavy rain. Install overlap around zippers to prevent leaks.             | Smeltz   |
| Electric-flush system periodically stops functioning. Diagnose and repair.                              | Smeltz   |
| Customer describes engine as making a clattering sound.                                                 | Trent    |
+---------------------------------------------------------------------------------------------------------+----------+
16 rows in set (0.00 sec)

+---------------------------------------------------+----------+
| CategoryDescription                               | NumOfReq |
+---------------------------------------------------+----------+
| Routine engine maintenance                        |        1 |
| Engine repair                                     |        4 |
| Air conditioning                                  |        3 |
| Electrical systems                                |        2 |
| Fiberglass repair                                 |        1 |
| Canvas installation                               |        1 |
| Canvas repair                                     |        2 |
| Electronic systems (radar, GPS, autopilots, etc.) |        2 |
+---------------------------------------------------+----------+
8 rows in set (0.00 sec)

+-----------------+----------+-------------+-------------------+
| FirstName       | LastName | City        | Name              |
+-----------------+----------+-------------+-------------------+
| Ashton          | Trent    | Bay Shores  | Alexamara Central |
| Bruce and Doris | Adney    | Bowton      | Alexamara Central |
| Alyssa          | Kelly    | Bowton      | Alexamara Central |
| Bruce and Doris | Adney    | Bowton      | Alexamara East    |
| Mary Jane       | Blake    | Bowton      | Alexamara East    |
| Mary Jane       | Blake    | Bowton      | Alexamara South   |
| Becky and Dave  | Smeltz   | Glander Bay | Alexamara Central |
| Bill            | Anderson | Glander Bay | Alexamara East    |
| Daniel          | Feenstra | Kaleva      | Alexamara Central |
| Daniel          | Feenstra | Kaleva      | Alexamara East    |
| Peter           | Smith    | Lewiston    | Alexamara Central |
| Mary and Bill   | Elend    | Rivard      | Alexamara East    |
| Maria           | Juarez   | Rivard      | Alexamara South   |
+-----------------+----------+-------------+-------------------+
13 rows in set (0.00 sec)

+-------------------+----------------+
| Name              | sum(RentalFee) |
+-------------------+----------------+
| Alexamara East    |       16200.00 |
| Alexamara Central |       16500.00 |
| Alexamara South   |        8400.00 |
+-------------------+----------------+
3 rows in set (0.00 sec)

+-----------------+-------------+-------------------------------------+-------------------------------------------------------------+
| Estimated Hours | Spent Hours | Diffrence Between Est & Spent Hours | The Number that corrlates to the service in a linear fashon |
+-----------------+-------------+-------------------------------------+-------------------------------------------------------------+
|            8.00 |        3.00 |                                5.00 |                                                           1 |
|            4.00 |        2.00 |                                2.00 |                                                           2 |
|            2.00 |        0.00 |                                2.00 |                                                           3 |
|            1.00 |        0.00 |                                1.00 |                                                           4 |
|            2.00 |        0.00 |                                2.00 |                                                           5 |
|            1.00 |        1.00 |                                0.00 |                                                           6 |
|            3.00 |        0.00 |                                3.00 |                                                           7 |
|            2.00 |        0.00 |                                2.00 |                                                           8 |
|            4.00 |        1.00 |                                3.00 |                                                           9 |
|            8.00 |        0.00 |                                8.00 |                                                          10 |
|            7.00 |        0.00 |                                7.00 |                                                          11 |
|            1.00 |        1.00 |                                0.00 |                                                          12 |
|            2.00 |        0.00 |                                2.00 |                                                          13 |
|            5.00 |        2.00 |                                3.00 |                                                          14 |
|            6.00 |        0.00 |                                6.00 |                                                          15 |
|            8.00 |        3.00 |                                5.00 |                                                          16 |
+-----------------+-------------+-------------------------------------+-------------------------------------------------------------+
16 rows in set (0.00 sec)

+----------+--------------+--------+
| LastName | BoatName     | Length |
+----------+--------------+--------+
| Adney    | Bravo        |     25 |
| Elend    | Anderson III |     30 |
| Feenstra | Gypsy        |     30 |
| Kelly    | Chinook      |     25 |
| Smith    | Mermaid      |     30 |
| Trent    | Listy        |     25 |
+----------+--------------+--------+
6 rows in set (0.00 sec)

+--------------+----------------------+
| BoatName     | MIN(NextServiceDate) |
+--------------+----------------------+
| Anderson II  | 2013-07-12           |
| Anderson III | 2013-07-12           |
| Axxon IV     | 2020-12-31           |
| Bravo        | 2013-07-13           |
| Chinook      | 2013-07-13           |
| Gypsy        | 2013-07-16           |
| Karvel       | 2013-07-17           |
| Krispy       | 2013-07-17           |
| Listy        | 2013-07-12           |
| Our Toy      | 2013-07-17           |
+--------------+----------------------+
10 rows in set (0.00 sec)

+--------------+----------+---------+-------------------+
| BoatName     | LastName | SlipNum | Name              |
+--------------+----------+---------+-------------------+
| Anderson II  | Adney    | A1      | Alexamara East    |
| Anderson III | Elend    | B2      | Alexamara East    |
| Axxon II     | Feenstra | 5       | Alexamara Central |
| Axxon IV     | Juarez   | C1      | Alexamara South   |
| Bravo        | Adney    | 1       | Alexamara Central |
| Chinook      | Kelly    | 2       | Alexamara Central |
| Escape       | Blake    | A3      | Alexamara East    |
| Gypsy        | Feenstra | B1      | Alexamara East    |
| Karvel       | Smeltz   | 6       | Alexamara Central |
| Krispy       | Blake    | C2      | Alexamara South   |
| Listy        | Trent    | 3       | Alexamara Central |
| Mermaid      | Smith    | 4       | Alexamara Central |
| Our Toy      | Anderson | A2      | Alexamara East    |
+--------------+----------+---------+-------------------+
13 rows in set (0.00 sec)

